build/app/intermediates/manifest_merge_blame_file/debug/processDebugMainManifest/manifest-merger-blame-debug-report.txt
1<?xml version="1.0" encoding="utf-8"?>
2<manifest xmlns:android="http://schemas.android.com/apk/res/android"
3    package="com.example.myapp"
4    android:versionCode="1"
5    android:versionName="1.0.0" >
6
7    <uses-sdk
8        android:minSdkVersion="21"
9        android:targetSdkVersion="35" />
10    <!--
11         The INTERNET permission is required for development. Specifically,
12         the Flutter tool needs it to communicate with the running application
13         to allow setting breakpoints, to provide hot reload, etc.
14    -->
15    <uses-permission android:name="android.permission.INTERNET" />
15-->src/debug/AndroidManifest.xml:6:5-66
15-->src/debug/AndroidManifest.xml:6:22-64
16    <!--
17     Required to query activities that can process text, see:
18         https://developer.android.com/training/package-visibility and
19         https://developer.android.com/reference/android/content/Intent#ACTION_PROCESS_TEXT.
20
21         In particular, this is used by the Flutter engine in io.flutter.plugin.text.ProcessTextPlugin.
22    -->
23    <queries>
23-->src/main/AndroidManifest.xml:39:5-44:15
24        <intent>
24-->src/main/AndroidManifest.xml:40:9-43:18
25            <action android:name="android.intent.action.PROCESS_TEXT" />
25-->src/main/AndroidManifest.xml:41:13-72
25-->src/main/AndroidManifest.xml:41:21-70
26
27            <data android:mimeType="text/plain" />
27-->src/main/AndroidManifest.xml:42:13-50
27-->src/main/AndroidManifest.xml:42:19-48
28        </intent>
29    </queries>
30
31    <uses-permission android:name="android.permission.ACCESS_NETWORK_STATE" />
31-->[com.google.firebase:firebase-auth:22.3.1] AndroidManifest.xml:26:5-79
31-->[com.google.firebase:firebase-auth:22.3.1] AndroidManifest.xml:26:22-76
32    <uses-permission android:name="com.google.android.providers.gsf.permission.READ_GSERVICES" />
32-->[com.google.android.recaptcha:recaptcha:18.4.0] AndroidManifest.xml:9:5-98
32-->[com.google.android.recaptcha:recaptcha:18.4.0] AndroidManifest.xml:9:22-95
33
34    <permission
34-->[androidx.core:core:1.13.1] AndroidManifest.xml:22:5-24:47
35        android:name="com.example.myapp.DYNAMIC_RECEIVER_NOT_EXPORTED_PERMISSION"
35-->[androidx.core:core:1.13.1] AndroidManifest.xml:23:9-81
36        android:protectionLevel="signature" />
36-->[androidx.core:core:1.13.1] AndroidManifest.xml:24:9-44
37
38    <uses-permission android:name="com.example.myapp.DYNAMIC_RECEIVER_NOT_EXPORTED_PERMISSION" />
38-->[androidx.core:core:1.13.1] AndroidManifest.xml:26:5-97
38-->[androidx.core:core:1.13.1] AndroidManifest.xml:26:22-94
39
40    <application
41        android:name="android.app.Application"
42        android:appComponentFactory="androidx.core.app.CoreComponentFactory"
42-->[androidx.core:core:1.13.1] AndroidManifest.xml:28:18-86
43        android:debuggable="true"
44        android:extractNativeLibs="true"
45        android:icon="@mipmap/ic_launcher"
46        android:label="myapp" >
47        <activity
48            android:name="com.example.myapp.MainActivity"
49            android:configChanges="orientation|keyboardHidden|keyboard|screenSize|smallestScreenSize|locale|layoutDirection|fontScale|screenLayout|density|uiMode"
50            android:exported="true"
51            android:hardwareAccelerated="true"
52            android:launchMode="singleTop"
53            android:taskAffinity=""
54            android:theme="@style/LaunchTheme"
55            android:windowSoftInputMode="adjustResize" >
56
57            <!--
58                 Specifies an Android theme to apply to this Activity as soon as
59                 the Android process has started. This theme is visible to the user
60                 while the Flutter UI initializes. After that, this theme continues
61                 to determine the Window background behind the Flutter UI.
62            -->
63            <meta-data
64                android:name="io.flutter.embedding.android.NormalTheme"
65                android:resource="@style/NormalTheme" />
66
67            <intent-filter>
68                <action android:name="android.intent.action.MAIN" />
69
70                <category android:name="android.intent.category.LAUNCHER" />
71            </intent-filter>
72        </activity>
73        <!--
74             Don't delete the meta-data below.
75             This is used by the Flutter tool to generate GeneratedPluginRegistrant.java
76        -->
77        <meta-data
78            android:name="flutterEmbedding"
79            android:value="2" />
80
81        <service
81-->[:cloud_firestore] AndroidManifest.xml:8:9-12:19
82            android:name="com.google.firebase.components.ComponentDiscoveryService"
82-->[:cloud_firestore] AndroidManifest.xml:8:18-89
83            android:directBootAware="true"
83-->[com.google.firebase:firebase-common:20.4.3] AndroidManifest.xml:32:13-43
84            android:exported="false" >
84-->[com.google.firebase:firebase-auth:22.3.1] AndroidManifest.xml:68:13-37
85            <meta-data
85-->[:cloud_firestore] AndroidManifest.xml:9:13-11:85
86                android:name="com.google.firebase.components:io.flutter.plugins.firebase.firestore.FlutterFirebaseFirestoreRegistrar"
86-->[:cloud_firestore] AndroidManifest.xml:10:17-134
87                android:value="com.google.firebase.components.ComponentRegistrar" />
87-->[:cloud_firestore] AndroidManifest.xml:11:17-82
88            <meta-data
88-->[:firebase_auth] AndroidManifest.xml:9:13-11:85
89                android:name="com.google.firebase.components:io.flutter.plugins.firebase.auth.FlutterFirebaseAuthRegistrar"
89-->[:firebase_auth] AndroidManifest.xml:10:17-124
90                android:value="com.google.firebase.components.ComponentRegistrar" />
90-->[:firebase_auth] AndroidManifest.xml:11:17-82
91            <meta-data
91-->[:firebase_core] AndroidManifest.xml:9:13-11:85
92                android:name="com.google.firebase.components:io.flutter.plugins.firebase.core.FlutterFirebaseCoreRegistrar"
92-->[:firebase_core] AndroidManifest.xml:10:17-124
93                android:value="com.google.firebase.components.ComponentRegistrar" />
93-->[:firebase_core] AndroidManifest.xml:11:17-82
94            <meta-data
94-->[com.google.firebase:firebase-auth:22.3.1] AndroidManifest.xml:69:13-71:85
95                android:name="com.google.firebase.components:com.google.firebase.auth.FirebaseAuthRegistrar"
95-->[com.google.firebase:firebase-auth:22.3.1] AndroidManifest.xml:70:17-109
96                android:value="com.google.firebase.components.ComponentRegistrar" />
96-->[com.google.firebase:firebase-auth:22.3.1] AndroidManifest.xml:71:17-82
97            <meta-data
97-->[com.google.firebase:firebase-firestore:24.11.0] AndroidManifest.xml:17:13-19:85
98                android:name="com.google.firebase.components:com.google.firebase.firestore.FirebaseFirestoreKtxRegistrar"
98-->[com.google.firebase:firebase-firestore:24.11.0] AndroidManifest.xml:18:17-122
99                android:value="com.google.firebase.components.ComponentRegistrar" />
99-->[com.google.firebase:firebase-firestore:24.11.0] AndroidManifest.xml:19:17-82
100            <meta-data
100-->[com.google.firebase:firebase-firestore:24.11.0] AndroidManifest.xml:20:13-22:85
101                android:name="com.google.firebase.components:com.google.firebase.firestore.FirestoreRegistrar"
101-->[com.google.firebase:firebase-firestore:24.11.0] AndroidManifest.xml:21:17-111
102                android:value="com.google.firebase.components.ComponentRegistrar" />
102-->[com.google.firebase:firebase-firestore:24.11.0] AndroidManifest.xml:22:17-82
103            <meta-data
103-->[com.google.firebase:firebase-common-ktx:20.4.3] AndroidManifest.xml:12:13-14:85
104                android:name="com.google.firebase.components:com.google.firebase.ktx.FirebaseCommonLegacyRegistrar"
104-->[com.google.firebase:firebase-common-ktx:20.4.3] AndroidManifest.xml:13:17-116
105                android:value="com.google.firebase.components.ComponentRegistrar" />
105-->[com.google.firebase:firebase-common-ktx:20.4.3] AndroidManifest.xml:14:17-82
106            <meta-data
106-->[com.google.firebase:firebase-common:20.4.3] AndroidManifest.xml:35:13-37:85
107                android:name="com.google.firebase.components:com.google.firebase.FirebaseCommonKtxRegistrar"
107-->[com.google.firebase:firebase-common:20.4.3] AndroidManifest.xml:36:17-109
108                android:value="com.google.firebase.components.ComponentRegistrar" />
108-->[com.google.firebase:firebase-common:20.4.3] AndroidManifest.xml:37:17-82
109        </service>
110
111        <provider
111-->[:image_picker_android] AndroidManifest.xml:9:9-17:20
112            android:name="io.flutter.plugins.imagepicker.ImagePickerFileProvider"
112-->[:image_picker_android] AndroidManifest.xml:10:13-82
113            android:authorities="com.example.myapp.flutter.image_provider"
113-->[:image_picker_android] AndroidManifest.xml:11:13-74
114            android:exported="false"
114-->[:image_picker_android] AndroidManifest.xml:12:13-37
115            android:grantUriPermissions="true" >
115-->[:image_picker_android] AndroidManifest.xml:13:13-47
116            <meta-data
116-->[:image_picker_android] AndroidManifest.xml:14:13-16:75
117                android:name="android.support.FILE_PROVIDER_PATHS"
117-->[:image_picker_android] AndroidManifest.xml:15:17-67
118                android:resource="@xml/flutter_image_picker_file_paths" />
118-->[:image_picker_android] AndroidManifest.xml:16:17-72
119        </provider> <!-- Trigger Google Play services to install the backported photo picker module. -->
120        <service
120-->[:image_picker_android] AndroidManifest.xml:19:9-31:19
121            android:name="com.google.android.gms.metadata.ModuleDependencies"
121-->[:image_picker_android] AndroidManifest.xml:20:13-78
122            android:enabled="false"
122-->[:image_picker_android] AndroidManifest.xml:21:13-36
123            android:exported="false" >
123-->[:image_picker_android] AndroidManifest.xml:22:13-37
124            <intent-filter>
124-->[:image_picker_android] AndroidManifest.xml:24:13-26:29
125                <action android:name="com.google.android.gms.metadata.MODULE_DEPENDENCIES" />
125-->[:image_picker_android] AndroidManifest.xml:25:17-94
125-->[:image_picker_android] AndroidManifest.xml:25:25-91
126            </intent-filter>
127
128            <meta-data
128-->[:image_picker_android] AndroidManifest.xml:28:13-30:36
129                android:name="photopicker_activity:0:required"
129-->[:image_picker_android] AndroidManifest.xml:29:17-63
130                android:value="" />
130-->[:image_picker_android] AndroidManifest.xml:30:17-33
131        </service>
132
133        <activity
133-->[com.google.firebase:firebase-auth:22.3.1] AndroidManifest.xml:29:9-46:20
134            android:name="com.google.firebase.auth.internal.GenericIdpActivity"
134-->[com.google.firebase:firebase-auth:22.3.1] AndroidManifest.xml:30:13-80
135            android:excludeFromRecents="true"
135-->[com.google.firebase:firebase-auth:22.3.1] AndroidManifest.xml:31:13-46
136            android:exported="true"
136-->[com.google.firebase:firebase-auth:22.3.1] AndroidManifest.xml:32:13-36
137            android:launchMode="singleTask"
137-->[com.google.firebase:firebase-auth:22.3.1] AndroidManifest.xml:33:13-44
138            android:theme="@android:style/Theme.Translucent.NoTitleBar" >
138-->[com.google.firebase:firebase-auth:22.3.1] AndroidManifest.xml:34:13-72
139            <intent-filter>
139-->[com.google.firebase:firebase-auth:22.3.1] AndroidManifest.xml:35:13-45:29
140                <action android:name="android.intent.action.VIEW" />
140-->[com.google.firebase:firebase-auth:22.3.1] AndroidManifest.xml:36:17-69
140-->[com.google.firebase:firebase-auth:22.3.1] AndroidManifest.xml:36:25-66
141
142                <category android:name="android.intent.category.DEFAULT" />
142-->[com.google.firebase:firebase-auth:22.3.1] AndroidManifest.xml:38:17-76
142-->[com.google.firebase:firebase-auth:22.3.1] AndroidManifest.xml:38:27-73
143                <category android:name="android.intent.category.BROWSABLE" />
143-->[com.google.firebase:firebase-auth:22.3.1] AndroidManifest.xml:39:17-78
143-->[com.google.firebase:firebase-auth:22.3.1] AndroidManifest.xml:39:27-75
144
145                <data
145-->src/main/AndroidManifest.xml:42:13-50
146                    android:host="firebase.auth"
147                    android:path="/"
148                    android:scheme="genericidp" />
149            </intent-filter>
150        </activity>
151        <activity
151-->[com.google.firebase:firebase-auth:22.3.1] AndroidManifest.xml:47:9-64:20
152            android:name="com.google.firebase.auth.internal.RecaptchaActivity"
152-->[com.google.firebase:firebase-auth:22.3.1] AndroidManifest.xml:48:13-79
153            android:excludeFromRecents="true"
153-->[com.google.firebase:firebase-auth:22.3.1] AndroidManifest.xml:49:13-46
154            android:exported="true"
154-->[com.google.firebase:firebase-auth:22.3.1] AndroidManifest.xml:50:13-36
155            android:launchMode="singleTask"
155-->[com.google.firebase:firebase-auth:22.3.1] AndroidManifest.xml:51:13-44
156            android:theme="@android:style/Theme.Translucent.NoTitleBar" >
156-->[com.google.firebase:firebase-auth:22.3.1] AndroidManifest.xml:52:13-72
157            <intent-filter>
157-->[com.google.firebase:firebase-auth:22.3.1] AndroidManifest.xml:53:13-63:29
158                <action android:name="android.intent.action.VIEW" />
158-->[com.google.firebase:firebase-auth:22.3.1] AndroidManifest.xml:36:17-69
158-->[com.google.firebase:firebase-auth:22.3.1] AndroidManifest.xml:36:25-66
159
160                <category android:name="android.intent.category.DEFAULT" />
160-->[com.google.firebase:firebase-auth:22.3.1] AndroidManifest.xml:38:17-76
160-->[com.google.firebase:firebase-auth:22.3.1] AndroidManifest.xml:38:27-73
161                <category android:name="android.intent.category.BROWSABLE" />
161-->[com.google.firebase:firebase-auth:22.3.1] AndroidManifest.xml:39:17-78
161-->[com.google.firebase:firebase-auth:22.3.1] AndroidManifest.xml:39:27-75
162
163                <data
163-->src/main/AndroidManifest.xml:42:13-50
164                    android:host="firebase.auth"
165                    android:path="/"
166                    android:scheme="recaptcha" />
167            </intent-filter>
168        </activity>
169        <activity
169-->[com.google.android.gms:play-services-auth:21.0.0] AndroidManifest.xml:23:9-27:75
170            android:name="com.google.android.gms.auth.api.signin.internal.SignInHubActivity"
170-->[com.google.android.gms:play-services-auth:21.0.0] AndroidManifest.xml:24:13-93
171            android:excludeFromRecents="true"
171-->[com.google.android.gms:play-services-auth:21.0.0] AndroidManifest.xml:25:13-46
172            android:exported="false"
172-->[com.google.android.gms:play-services-auth:21.0.0] AndroidManifest.xml:26:13-37
173            android:theme="@android:style/Theme.Translucent.NoTitleBar" />
173-->[com.google.android.gms:play-services-auth:21.0.0] AndroidManifest.xml:27:13-72
174        <!--
175            Service handling Google Sign-In user revocation. For apps that do not integrate with
176            Google Sign-In, this service will never be started.
177        -->
178        <service
178-->[com.google.android.gms:play-services-auth:21.0.0] AndroidManifest.xml:33:9-37:51
179            android:name="com.google.android.gms.auth.api.signin.RevocationBoundService"
179-->[com.google.android.gms:play-services-auth:21.0.0] AndroidManifest.xml:34:13-89
180            android:exported="true"
180-->[com.google.android.gms:play-services-auth:21.0.0] AndroidManifest.xml:35:13-36
181            android:permission="com.google.android.gms.auth.api.signin.permission.REVOCATION_NOTIFICATION"
181-->[com.google.android.gms:play-services-auth:21.0.0] AndroidManifest.xml:36:13-107
182            android:visibleToInstantApps="true" />
182-->[com.google.android.gms:play-services-auth:21.0.0] AndroidManifest.xml:37:13-48
183
184        <activity
184-->[com.google.android.gms:play-services-base:18.0.1] AndroidManifest.xml:20:9-22:45
185            android:name="com.google.android.gms.common.api.GoogleApiActivity"
185-->[com.google.android.gms:play-services-base:18.0.1] AndroidManifest.xml:20:19-85
186            android:exported="false"
186-->[com.google.android.gms:play-services-base:18.0.1] AndroidManifest.xml:22:19-43
187            android:theme="@android:style/Theme.Translucent.NoTitleBar" />
187-->[com.google.android.gms:play-services-base:18.0.1] AndroidManifest.xml:21:19-78
188
189        <provider
189-->[com.google.firebase:firebase-common:20.4.3] AndroidManifest.xml:23:9-28:39
190            android:name="com.google.firebase.provider.FirebaseInitProvider"
190-->[com.google.firebase:firebase-common:20.4.3] AndroidManifest.xml:24:13-77
191            android:authorities="com.example.myapp.firebaseinitprovider"
191-->[com.google.firebase:firebase-common:20.4.3] AndroidManifest.xml:25:13-72
192            android:directBootAware="true"
192-->[com.google.firebase:firebase-common:20.4.3] AndroidManifest.xml:26:13-43
193            android:exported="false"
193-->[com.google.firebase:firebase-common:20.4.3] AndroidManifest.xml:27:13-37
194            android:initOrder="100" />
194-->[com.google.firebase:firebase-common:20.4.3] AndroidManifest.xml:28:13-36
195        <provider
195-->[androidx.lifecycle:lifecycle-process:2.7.0] AndroidManifest.xml:24:9-32:20
196            android:name="androidx.startup.InitializationProvider"
196-->[androidx.lifecycle:lifecycle-process:2.7.0] AndroidManifest.xml:25:13-67
197            android:authorities="com.example.myapp.androidx-startup"
197-->[androidx.lifecycle:lifecycle-process:2.7.0] AndroidManifest.xml:26:13-68
198            android:exported="false" >
198-->[androidx.lifecycle:lifecycle-process:2.7.0] AndroidManifest.xml:27:13-37
199            <meta-data
199-->[androidx.lifecycle:lifecycle-process:2.7.0] AndroidManifest.xml:29:13-31:52
200                android:name="androidx.lifecycle.ProcessLifecycleInitializer"
200-->[androidx.lifecycle:lifecycle-process:2.7.0] AndroidManifest.xml:30:17-78
201                android:value="androidx.startup" />
201-->[androidx.lifecycle:lifecycle-process:2.7.0] AndroidManifest.xml:31:17-49
202            <meta-data
202-->[androidx.profileinstaller:profileinstaller:1.3.1] AndroidManifest.xml:29:13-31:52
203                android:name="androidx.profileinstaller.ProfileInstallerInitializer"
203-->[androidx.profileinstaller:profileinstaller:1.3.1] AndroidManifest.xml:30:17-85
204                android:value="androidx.startup" />
204-->[androidx.profileinstaller:profileinstaller:1.3.1] AndroidManifest.xml:31:17-49
205        </provider>
206
207        <uses-library
207-->[androidx.window:window:1.2.0] AndroidManifest.xml:23:9-25:40
208            android:name="androidx.window.extensions"
208-->[androidx.window:window:1.2.0] AndroidManifest.xml:24:13-54
209            android:required="false" />
209-->[androidx.window:window:1.2.0] AndroidManifest.xml:25:13-37
210        <uses-library
210-->[androidx.window:window:1.2.0] AndroidManifest.xml:26:9-28:40
211            android:name="androidx.window.sidecar"
211-->[androidx.window:window:1.2.0] AndroidManifest.xml:27:13-51
212            android:required="false" />
212-->[androidx.window:window:1.2.0] AndroidManifest.xml:28:13-37
213
214        <meta-data
214-->[com.google.android.gms:play-services-basement:18.3.0] AndroidManifest.xml:21:9-23:69
215            android:name="com.google.android.gms.version"
215-->[com.google.android.gms:play-services-basement:18.3.0] AndroidManifest.xml:22:13-58
216            android:value="@integer/google_play_services_version" />
216-->[com.google.android.gms:play-services-basement:18.3.0] AndroidManifest.xml:23:13-66
217
218        <receiver
218-->[androidx.profileinstaller:profileinstaller:1.3.1] AndroidManifest.xml:34:9-52:20
219            android:name="androidx.profileinstaller.ProfileInstallReceiver"
219-->[androidx.profileinstaller:profileinstaller:1.3.1] AndroidManifest.xml:35:13-76
220            android:directBootAware="false"
220-->[androidx.profileinstaller:profileinstaller:1.3.1] AndroidManifest.xml:36:13-44
221            android:enabled="true"
221-->[androidx.profileinstaller:profileinstaller:1.3.1] AndroidManifest.xml:37:13-35
222            android:exported="true"
222-->[androidx.profileinstaller:profileinstaller:1.3.1] AndroidManifest.xml:38:13-36
223            android:permission="android.permission.DUMP" >
223-->[androidx.profileinstaller:profileinstaller:1.3.1] AndroidManifest.xml:39:13-57
224            <intent-filter>
224-->[androidx.profileinstaller:profileinstaller:1.3.1] AndroidManifest.xml:40:13-42:29
225                <action android:name="androidx.profileinstaller.action.INSTALL_PROFILE" />
225-->[androidx.profileinstaller:profileinstaller:1.3.1] AndroidManifest.xml:41:17-91
225-->[androidx.profileinstaller:profileinstaller:1.3.1] AndroidManifest.xml:41:25-88
226            </intent-filter>
227            <intent-filter>
227-->[androidx.profileinstaller:profileinstaller:1.3.1] AndroidManifest.xml:43:13-45:29
228                <action android:name="androidx.profileinstaller.action.SKIP_FILE" />
228-->[androidx.profileinstaller:profileinstaller:1.3.1] AndroidManifest.xml:44:17-85
228-->[androidx.profileinstaller:profileinstaller:1.3.1] AndroidManifest.xml:44:25-82
229            </intent-filter>
230            <intent-filter>
230-->[androidx.profileinstaller:profileinstaller:1.3.1] AndroidManifest.xml:46:13-48:29
231                <action android:name="androidx.profileinstaller.action.SAVE_PROFILE" />
231-->[androidx.profileinstaller:profileinstaller:1.3.1] AndroidManifest.xml:47:17-88
231-->[androidx.profileinstaller:profileinstaller:1.3.1] AndroidManifest.xml:47:25-85
232            </intent-filter>
233            <intent-filter>
233-->[androidx.profileinstaller:profileinstaller:1.3.1] AndroidManifest.xml:49:13-51:29
234                <action android:name="androidx.profileinstaller.action.BENCHMARK_OPERATION" />
234-->[androidx.profileinstaller:profileinstaller:1.3.1] AndroidManifest.xml:50:17-95
234-->[androidx.profileinstaller:profileinstaller:1.3.1] AndroidManifest.xml:50:25-92
235            </intent-filter>
236        </receiver>
237    </application>
238
239</manifest>